<?xml version="1.0" encoding="UTF-8"?>
<!-- Generated by org.testng.reporters.JUnitXMLReporter -->
<testsuite ignored="0" hostname="Debasish-Laptop" failures="6" tests="16" name="Test" time="1414.552" errors="0" timestamp="2024-07-26T16:19:41 IST">
  <testcase classname="TestCases.TC_AddExpense_EatingOnSite_PositiveValue" name="AddExpense_EatingOnSite_PositiveValue" time="25.418">
    <failure type="org.openqa.selenium.ElementClickInterceptedException" message="element click intercepted: Element &amp;lt;span class=&amp;quot;e-input-group-icon e-ddl-icon e-search-icon&amp;quot;&amp;gt;&amp;lt;/span&amp;gt; is not clickable at point (1611, 328). Other element would receive the click: &amp;lt;div _ngcontent-ng-c1533506264=&amp;quot;&amp;quot; class=&amp;quot;ngx-spinner-overlay ng-tns-c1533506264-0 ng-trigger ng-trigger-fadeIn ng-star-inserted ng-animating&amp;quot; style=&amp;quot;background-color: rgba(51, 51, 51, 0.8); z-index: 99999; position: fixed;&amp;quot;&amp;gt;...&amp;lt;/div&amp;gt;
  (Session info: chrome=127.0.6533.72)
Build info: version: &amp;apos;4.14.1&amp;apos;, revision: &amp;apos;03f8ede370&amp;apos;
System info: os.name: &amp;apos;Windows 11&amp;apos;, os.arch: &amp;apos;amd64&amp;apos;, os.version: &amp;apos;10.0&amp;apos;, java.version: &amp;apos;17.0.10&amp;apos;
Driver info: org.openqa.selenium.chrome.ChromeDriver
Command: [58410dfe8e79b59f4261b868d45e1ae6, clickElement {id=f.AED38123AB7036E39A1CEC70EAE41611.d.D91FA21DDCA7A453CA795AD2EFA7BA49.e.306}]
Capabilities {acceptInsecureCerts: false, browserName: chrome, browserVersion: 127.0.6533.72, chrome: {chromedriverVersion: 127.0.6533.72 (9755e24ca85a..., userDataDir: C:\Users\DEBASH~1.CHO\AppDa...}, fedcm:accounts: true, goog:chromeOptions: {debuggerAddress: localhost:49176}, networkConnectionEnabled: false, pageLoadStrategy: normal, platformName: windows, proxy: Proxy(), se:cdp: ws://localhost:49176/devtoo..., se:cdpVersion: 127.0.6533.72, setWindowRect: true, strictFileInteractability: false, timeouts: {implicit: 0, pageLoad: 300000, script: 30000}, unhandledPromptBehavior: dismiss and notify, webauthn:extension:credBlob: true, webauthn:extension:largeBlob: true, webauthn:extension:minPinLength: true, webauthn:extension:prf: true, webauthn:virtualAuthenticators: true}
Element: [[ChromeDriver: chrome on windows (58410dfe8e79b59f4261b868d45e1ae6)] -&amp;gt; xpath: //span[@class=&amp;apos;e-input-group-icon e-ddl-icon e-search-icon&amp;apos;]]
Session ID: 58410dfe8e79b59f4261b868d45e1ae6">
      <![CDATA[org.openqa.selenium.ElementClickInterceptedException: element click intercepted: Element <span class="e-input-group-icon e-ddl-icon e-search-icon"></span> is not clickable at point (1611, 328). Other element would receive the click: <div _ngcontent-ng-c1533506264="" class="ngx-spinner-overlay ng-tns-c1533506264-0 ng-trigger ng-trigger-fadeIn ng-star-inserted ng-animating" style="background-color: rgba(51, 51, 51, 0.8); z-index: 99999; position: fixed;">...</div>
  (Session info: chrome=127.0.6533.72)
Build info: version: '4.14.1', revision: '03f8ede370'
System info: os.name: 'Windows 11', os.arch: 'amd64', os.version: '10.0', java.version: '17.0.10'
Driver info: org.openqa.selenium.chrome.ChromeDriver
Command: [58410dfe8e79b59f4261b868d45e1ae6, clickElement {id=f.AED38123AB7036E39A1CEC70EAE41611.d.D91FA21DDCA7A453CA795AD2EFA7BA49.e.306}]
Capabilities {acceptInsecureCerts: false, browserName: chrome, browserVersion: 127.0.6533.72, chrome: {chromedriverVersion: 127.0.6533.72 (9755e24ca85a..., userDataDir: C:\Users\DEBASH~1.CHO\AppDa...}, fedcm:accounts: true, goog:chromeOptions: {debuggerAddress: localhost:49176}, networkConnectionEnabled: false, pageLoadStrategy: normal, platformName: windows, proxy: Proxy(), se:cdp: ws://localhost:49176/devtoo..., se:cdpVersion: 127.0.6533.72, setWindowRect: true, strictFileInteractability: false, timeouts: {implicit: 0, pageLoad: 300000, script: 30000}, unhandledPromptBehavior: dismiss and notify, webauthn:extension:credBlob: true, webauthn:extension:largeBlob: true, webauthn:extension:minPinLength: true, webauthn:extension:prf: true, webauthn:virtualAuthenticators: true}
Element: [[ChromeDriver: chrome on windows (58410dfe8e79b59f4261b868d45e1ae6)] -> xpath: //span[@class='e-input-group-icon e-ddl-icon e-search-icon']]
Session ID: 58410dfe8e79b59f4261b868d45e1ae6
at org.openqa.selenium.remote.codec.w3c.W3CHttpResponseCodec.createException(W3CHttpResponseCodec.java:200)
at org.openqa.selenium.remote.codec.w3c.W3CHttpResponseCodec.decode(W3CHttpResponseCodec.java:133)
at org.openqa.selenium.remote.codec.w3c.W3CHttpResponseCodec.decode(W3CHttpResponseCodec.java:52)
at org.openqa.selenium.remote.HttpCommandExecutor.execute(HttpCommandExecutor.java:191)
at org.openqa.selenium.remote.service.DriverCommandExecutor.invokeExecute(DriverCommandExecutor.java:200)
at org.openqa.selenium.remote.service.DriverCommandExecutor.execute(DriverCommandExecutor.java:175)
at org.openqa.selenium.remote.RemoteWebDriver.execute(RemoteWebDriver.java:602)
at org.openqa.selenium.remote.RemoteWebElement.execute(RemoteWebElement.java:224)
at org.openqa.selenium.remote.RemoteWebElement.click(RemoteWebElement.java:77)
at PageObjects_ReusableMethods.AddExpense_EatingOnSite_PositiveValue.AddExpenseEatingOnSitePositiveValue(AddExpense_EatingOnSite_PositiveValue.java:86)
at TestCases.TC_AddExpense_EatingOnSite_PositiveValue.AddExpense_EatingOnSite_PositiveValue(TC_AddExpense_EatingOnSite_PositiveValue.java:20)
at java.base/java.util.ArrayList.forEach(ArrayList.java:1511)
... Removed 32 stack frames]]>
    </failure>
  </testcase> <!-- AddExpense_EatingOnSite_PositiveValue -->
  <testcase classname="TestCases.TC_Add_Edit_Delete_BatchExpense" name="AddEditDeleteBatchExpenseCheck" time="25.995">
    <failure type="org.openqa.selenium.ElementClickInterceptedException" message="element click intercepted: Element &amp;lt;span class=&amp;quot;e-input-group-icon e-ddl-icon e-search-icon&amp;quot;&amp;gt;&amp;lt;/span&amp;gt; is not clickable at point (1611, 328). Other element would receive the click: &amp;lt;div _ngcontent-ng-c1533506264=&amp;quot;&amp;quot; class=&amp;quot;ngx-spinner-overlay ng-tns-c1533506264-0 ng-trigger ng-trigger-fadeIn ng-star-inserted ng-animating&amp;quot; style=&amp;quot;background-color: rgba(51, 51, 51, 0.8); z-index: 99999; position: fixed;&amp;quot;&amp;gt;...&amp;lt;/div&amp;gt;
  (Session info: chrome=127.0.6533.72)
Build info: version: &amp;apos;4.14.1&amp;apos;, revision: &amp;apos;03f8ede370&amp;apos;
System info: os.name: &amp;apos;Windows 11&amp;apos;, os.arch: &amp;apos;amd64&amp;apos;, os.version: &amp;apos;10.0&amp;apos;, java.version: &amp;apos;17.0.10&amp;apos;
Driver info: org.openqa.selenium.chrome.ChromeDriver
Command: [bf7feddb32390c9115cd3074ab70ed31, clickElement {id=f.13F4033AB375ABE04E75B7B5E0BDDB6B.d.0CC502740EF33D5BBEA629DA9822E01A.e.308}]
Capabilities {acceptInsecureCerts: false, browserName: chrome, browserVersion: 127.0.6533.72, chrome: {chromedriverVersion: 127.0.6533.72 (9755e24ca85a..., userDataDir: C:\Users\DEBASH~1.CHO\AppDa...}, fedcm:accounts: true, goog:chromeOptions: {debuggerAddress: localhost:49264}, networkConnectionEnabled: false, pageLoadStrategy: normal, platformName: windows, proxy: Proxy(), se:cdp: ws://localhost:49264/devtoo..., se:cdpVersion: 127.0.6533.72, setWindowRect: true, strictFileInteractability: false, timeouts: {implicit: 0, pageLoad: 300000, script: 30000}, unhandledPromptBehavior: dismiss and notify, webauthn:extension:credBlob: true, webauthn:extension:largeBlob: true, webauthn:extension:minPinLength: true, webauthn:extension:prf: true, webauthn:virtualAuthenticators: true}
Element: [[ChromeDriver: chrome on windows (bf7feddb32390c9115cd3074ab70ed31)] -&amp;gt; xpath: //span[@class=&amp;apos;e-input-group-icon e-ddl-icon e-search-icon&amp;apos;]]
Session ID: bf7feddb32390c9115cd3074ab70ed31">
      <![CDATA[org.openqa.selenium.ElementClickInterceptedException: element click intercepted: Element <span class="e-input-group-icon e-ddl-icon e-search-icon"></span> is not clickable at point (1611, 328). Other element would receive the click: <div _ngcontent-ng-c1533506264="" class="ngx-spinner-overlay ng-tns-c1533506264-0 ng-trigger ng-trigger-fadeIn ng-star-inserted ng-animating" style="background-color: rgba(51, 51, 51, 0.8); z-index: 99999; position: fixed;">...</div>
  (Session info: chrome=127.0.6533.72)
Build info: version: '4.14.1', revision: '03f8ede370'
System info: os.name: 'Windows 11', os.arch: 'amd64', os.version: '10.0', java.version: '17.0.10'
Driver info: org.openqa.selenium.chrome.ChromeDriver
Command: [bf7feddb32390c9115cd3074ab70ed31, clickElement {id=f.13F4033AB375ABE04E75B7B5E0BDDB6B.d.0CC502740EF33D5BBEA629DA9822E01A.e.308}]
Capabilities {acceptInsecureCerts: false, browserName: chrome, browserVersion: 127.0.6533.72, chrome: {chromedriverVersion: 127.0.6533.72 (9755e24ca85a..., userDataDir: C:\Users\DEBASH~1.CHO\AppDa...}, fedcm:accounts: true, goog:chromeOptions: {debuggerAddress: localhost:49264}, networkConnectionEnabled: false, pageLoadStrategy: normal, platformName: windows, proxy: Proxy(), se:cdp: ws://localhost:49264/devtoo..., se:cdpVersion: 127.0.6533.72, setWindowRect: true, strictFileInteractability: false, timeouts: {implicit: 0, pageLoad: 300000, script: 30000}, unhandledPromptBehavior: dismiss and notify, webauthn:extension:credBlob: true, webauthn:extension:largeBlob: true, webauthn:extension:minPinLength: true, webauthn:extension:prf: true, webauthn:virtualAuthenticators: true}
Element: [[ChromeDriver: chrome on windows (bf7feddb32390c9115cd3074ab70ed31)] -> xpath: //span[@class='e-input-group-icon e-ddl-icon e-search-icon']]
Session ID: bf7feddb32390c9115cd3074ab70ed31
at org.openqa.selenium.remote.codec.w3c.W3CHttpResponseCodec.createException(W3CHttpResponseCodec.java:200)
at org.openqa.selenium.remote.codec.w3c.W3CHttpResponseCodec.decode(W3CHttpResponseCodec.java:133)
at org.openqa.selenium.remote.codec.w3c.W3CHttpResponseCodec.decode(W3CHttpResponseCodec.java:52)
at org.openqa.selenium.remote.HttpCommandExecutor.execute(HttpCommandExecutor.java:191)
at org.openqa.selenium.remote.service.DriverCommandExecutor.invokeExecute(DriverCommandExecutor.java:200)
at org.openqa.selenium.remote.service.DriverCommandExecutor.execute(DriverCommandExecutor.java:175)
at org.openqa.selenium.remote.RemoteWebDriver.execute(RemoteWebDriver.java:602)
at org.openqa.selenium.remote.RemoteWebElement.execute(RemoteWebElement.java:224)
at org.openqa.selenium.remote.RemoteWebElement.click(RemoteWebElement.java:77)
at PageObjects_ReusableMethods.Add_Edit_Delete_BatchExpense.AddEditDeleteBatchExpense(Add_Edit_Delete_BatchExpense.java:85)
at TestCases.TC_Add_Edit_Delete_BatchExpense.AddEditDeleteBatchExpenseCheck(TC_Add_Edit_Delete_BatchExpense.java:16)
at java.base/java.util.ArrayList.forEach(ArrayList.java:1511)
... Removed 32 stack frames]]>
    </failure>
  </testcase> <!-- AddEditDeleteBatchExpenseCheck -->
  <testcase classname="TestCases.TC_Add_Edit_Delete_Expense" name="AddEditDeleteExpenseCheck" time="27.568">
    <failure type="org.openqa.selenium.ElementClickInterceptedException" message="element click intercepted: Element &amp;lt;span class=&amp;quot;e-input-group-icon e-ddl-icon e-search-icon&amp;quot;&amp;gt;&amp;lt;/span&amp;gt; is not clickable at point (1611, 328). Other element would receive the click: &amp;lt;div _ngcontent-ng-c1533506264=&amp;quot;&amp;quot; class=&amp;quot;ngx-spinner-overlay ng-tns-c1533506264-0 ng-trigger ng-trigger-fadeIn ng-star-inserted ng-animating&amp;quot; style=&amp;quot;background-color: rgba(51, 51, 51, 0.8); z-index: 99999; position: fixed;&amp;quot;&amp;gt;...&amp;lt;/div&amp;gt;
  (Session info: chrome=127.0.6533.72)
Build info: version: &amp;apos;4.14.1&amp;apos;, revision: &amp;apos;03f8ede370&amp;apos;
System info: os.name: &amp;apos;Windows 11&amp;apos;, os.arch: &amp;apos;amd64&amp;apos;, os.version: &amp;apos;10.0&amp;apos;, java.version: &amp;apos;17.0.10&amp;apos;
Driver info: org.openqa.selenium.chrome.ChromeDriver
Command: [43b1a89106effbeb7a779003dae6ca26, clickElement {id=f.1BAC6995B523A54C6D1D3E78566897C4.d.DB6BF567831D15C59AA1ADEC03DBF284.e.308}]
Capabilities {acceptInsecureCerts: false, browserName: chrome, browserVersion: 127.0.6533.72, chrome: {chromedriverVersion: 127.0.6533.72 (9755e24ca85a..., userDataDir: C:\Users\DEBASH~1.CHO\AppDa...}, fedcm:accounts: true, goog:chromeOptions: {debuggerAddress: localhost:49321}, networkConnectionEnabled: false, pageLoadStrategy: normal, platformName: windows, proxy: Proxy(), se:cdp: ws://localhost:49321/devtoo..., se:cdpVersion: 127.0.6533.72, setWindowRect: true, strictFileInteractability: false, timeouts: {implicit: 0, pageLoad: 300000, script: 30000}, unhandledPromptBehavior: dismiss and notify, webauthn:extension:credBlob: true, webauthn:extension:largeBlob: true, webauthn:extension:minPinLength: true, webauthn:extension:prf: true, webauthn:virtualAuthenticators: true}
Element: [[ChromeDriver: chrome on windows (43b1a89106effbeb7a779003dae6ca26)] -&amp;gt; xpath: //span[@class=&amp;apos;e-input-group-icon e-ddl-icon e-search-icon&amp;apos;]]
Session ID: 43b1a89106effbeb7a779003dae6ca26">
      <![CDATA[org.openqa.selenium.ElementClickInterceptedException: element click intercepted: Element <span class="e-input-group-icon e-ddl-icon e-search-icon"></span> is not clickable at point (1611, 328). Other element would receive the click: <div _ngcontent-ng-c1533506264="" class="ngx-spinner-overlay ng-tns-c1533506264-0 ng-trigger ng-trigger-fadeIn ng-star-inserted ng-animating" style="background-color: rgba(51, 51, 51, 0.8); z-index: 99999; position: fixed;">...</div>
  (Session info: chrome=127.0.6533.72)
Build info: version: '4.14.1', revision: '03f8ede370'
System info: os.name: 'Windows 11', os.arch: 'amd64', os.version: '10.0', java.version: '17.0.10'
Driver info: org.openqa.selenium.chrome.ChromeDriver
Command: [43b1a89106effbeb7a779003dae6ca26, clickElement {id=f.1BAC6995B523A54C6D1D3E78566897C4.d.DB6BF567831D15C59AA1ADEC03DBF284.e.308}]
Capabilities {acceptInsecureCerts: false, browserName: chrome, browserVersion: 127.0.6533.72, chrome: {chromedriverVersion: 127.0.6533.72 (9755e24ca85a..., userDataDir: C:\Users\DEBASH~1.CHO\AppDa...}, fedcm:accounts: true, goog:chromeOptions: {debuggerAddress: localhost:49321}, networkConnectionEnabled: false, pageLoadStrategy: normal, platformName: windows, proxy: Proxy(), se:cdp: ws://localhost:49321/devtoo..., se:cdpVersion: 127.0.6533.72, setWindowRect: true, strictFileInteractability: false, timeouts: {implicit: 0, pageLoad: 300000, script: 30000}, unhandledPromptBehavior: dismiss and notify, webauthn:extension:credBlob: true, webauthn:extension:largeBlob: true, webauthn:extension:minPinLength: true, webauthn:extension:prf: true, webauthn:virtualAuthenticators: true}
Element: [[ChromeDriver: chrome on windows (43b1a89106effbeb7a779003dae6ca26)] -> xpath: //span[@class='e-input-group-icon e-ddl-icon e-search-icon']]
Session ID: 43b1a89106effbeb7a779003dae6ca26
at org.openqa.selenium.remote.codec.w3c.W3CHttpResponseCodec.createException(W3CHttpResponseCodec.java:200)
at org.openqa.selenium.remote.codec.w3c.W3CHttpResponseCodec.decode(W3CHttpResponseCodec.java:133)
at org.openqa.selenium.remote.codec.w3c.W3CHttpResponseCodec.decode(W3CHttpResponseCodec.java:52)
at org.openqa.selenium.remote.HttpCommandExecutor.execute(HttpCommandExecutor.java:191)
at org.openqa.selenium.remote.service.DriverCommandExecutor.invokeExecute(DriverCommandExecutor.java:200)
at org.openqa.selenium.remote.service.DriverCommandExecutor.execute(DriverCommandExecutor.java:175)
at org.openqa.selenium.remote.RemoteWebDriver.execute(RemoteWebDriver.java:602)
at org.openqa.selenium.remote.RemoteWebElement.execute(RemoteWebElement.java:224)
at org.openqa.selenium.remote.RemoteWebElement.click(RemoteWebElement.java:77)
at PageObjects_ReusableMethods.Add_Edit_Delete_Expense.AddEditDeleteExpense(Add_Edit_Delete_Expense.java:84)
at TestCases.TC_Add_Edit_Delete_Expense.AddEditDeleteExpenseCheck(TC_Add_Edit_Delete_Expense.java:16)
at java.base/java.util.ArrayList.forEach(ArrayList.java:1511)
... Removed 32 stack frames]]>
    </failure>
  </testcase> <!-- AddEditDeleteExpenseCheck -->
  <testcase classname="TestCases.TC_Add_Edit_Delete_ExpenseSubmission" name="ExpenseSubmissionPage" time="80.633"/>
  <testcase classname="TestCases.TC_AddExpense_EatingOnSite_NegativeValue" name="AddExpense_EatingOnSite_NegativeValue" time="107.575"/>
  <testcase classname="TestCases.TC_AddExpense_EatingOnSite_ZeroValue" name="AddExpense_EatingOnSite_ZeroValue" time="109.942"/>
  <testcase classname="TestCases.TC_AddExpense_EmergencyTravel_NegativeValue" name="AddExpense_EmergencyTravel_NegativeValue" time="104.419"/>
  <testcase classname="TestCases.TC_AddExpense_EmergencyTravel_PositiveValue" name="AddExpense_EmergencyTravel_PositiveValue" time="109.092"/>
  <testcase classname="TestCases.TC_AddExpense_EmergencyTravel_ZeroValue" name="AddExpense_EmergencyTravel_ZeroValue" time="108.99"/>
  <testcase classname="TestCases.TC_AddExpense_RMT_NegativeValue" name="AddExpense_RemoteWorkingDailyAllowance_NegativeValue" time="104.51"/>
  <testcase classname="TestCases.TC_AddExpense_RMT_PositiveValue" name="AddExpense_RemoteWorkingDailyAllowance_PositiveValue" time="98.266"/>
  <testcase classname="TestCases.TC_AddExpense_TravelUnvouched_ZeroValue" name="AddExpense_TravelUnvouched_ZeroValue" time="174.833">
    <failure type="org.openqa.selenium.NoSuchElementException" message="no such element: Unable to locate element: {&amp;quot;method&amp;quot;:&amp;quot;xpath&amp;quot;,&amp;quot;selector&amp;quot;:&amp;quot;//li[contains(text(),&amp;apos;Travel And Subsistence&amp;apos;)]&amp;quot;}
  (Session info: chrome=127.0.6533.72)
For documentation on this error, please visit: https://www.selenium.dev/documentation/webdriver/troubleshooting/errors#no-such-element-exception
Build info: version: &amp;apos;4.14.1&amp;apos;, revision: &amp;apos;03f8ede370&amp;apos;
System info: os.name: &amp;apos;Windows 11&amp;apos;, os.arch: &amp;apos;amd64&amp;apos;, os.version: &amp;apos;10.0&amp;apos;, java.version: &amp;apos;17.0.10&amp;apos;
Driver info: org.openqa.selenium.chrome.ChromeDriver
Command: [9e5befac05b2ed905207ce20ef62d415, findElement {using=xpath, value=//li[contains(text(),&amp;apos;Travel And Subsistence&amp;apos;)]}]
Capabilities {acceptInsecureCerts: false, browserName: chrome, browserVersion: 127.0.6533.72, chrome: {chromedriverVersion: 127.0.6533.72 (9755e24ca85a..., userDataDir: C:\Users\DEBASH~1.CHO\AppDa...}, fedcm:accounts: true, goog:chromeOptions: {debuggerAddress: localhost:50520}, networkConnectionEnabled: false, pageLoadStrategy: normal, platformName: windows, proxy: Proxy(), se:cdp: ws://localhost:50520/devtoo..., se:cdpVersion: 127.0.6533.72, setWindowRect: true, strictFileInteractability: false, timeouts: {implicit: 0, pageLoad: 300000, script: 30000}, unhandledPromptBehavior: dismiss and notify, webauthn:extension:credBlob: true, webauthn:extension:largeBlob: true, webauthn:extension:minPinLength: true, webauthn:extension:prf: true, webauthn:virtualAuthenticators: true}
Session ID: 9e5befac05b2ed905207ce20ef62d415">
      <![CDATA[org.openqa.selenium.NoSuchElementException: no such element: Unable to locate element: {"method":"xpath","selector":"//li[contains(text(),'Travel And Subsistence')]"}
  (Session info: chrome=127.0.6533.72)
For documentation on this error, please visit: https://www.selenium.dev/documentation/webdriver/troubleshooting/errors#no-such-element-exception
Build info: version: '4.14.1', revision: '03f8ede370'
System info: os.name: 'Windows 11', os.arch: 'amd64', os.version: '10.0', java.version: '17.0.10'
Driver info: org.openqa.selenium.chrome.ChromeDriver
Command: [9e5befac05b2ed905207ce20ef62d415, findElement {using=xpath, value=//li[contains(text(),'Travel And Subsistence')]}]
Capabilities {acceptInsecureCerts: false, browserName: chrome, browserVersion: 127.0.6533.72, chrome: {chromedriverVersion: 127.0.6533.72 (9755e24ca85a..., userDataDir: C:\Users\DEBASH~1.CHO\AppDa...}, fedcm:accounts: true, goog:chromeOptions: {debuggerAddress: localhost:50520}, networkConnectionEnabled: false, pageLoadStrategy: normal, platformName: windows, proxy: Proxy(), se:cdp: ws://localhost:50520/devtoo..., se:cdpVersion: 127.0.6533.72, setWindowRect: true, strictFileInteractability: false, timeouts: {implicit: 0, pageLoad: 300000, script: 30000}, unhandledPromptBehavior: dismiss and notify, webauthn:extension:credBlob: true, webauthn:extension:largeBlob: true, webauthn:extension:minPinLength: true, webauthn:extension:prf: true, webauthn:virtualAuthenticators: true}
Session ID: 9e5befac05b2ed905207ce20ef62d415
at org.openqa.selenium.remote.codec.w3c.W3CHttpResponseCodec.createException(W3CHttpResponseCodec.java:200)
at org.openqa.selenium.remote.codec.w3c.W3CHttpResponseCodec.decode(W3CHttpResponseCodec.java:133)
at org.openqa.selenium.remote.codec.w3c.W3CHttpResponseCodec.decode(W3CHttpResponseCodec.java:52)
at org.openqa.selenium.remote.HttpCommandExecutor.execute(HttpCommandExecutor.java:191)
at org.openqa.selenium.remote.service.DriverCommandExecutor.invokeExecute(DriverCommandExecutor.java:200)
at org.openqa.selenium.remote.service.DriverCommandExecutor.execute(DriverCommandExecutor.java:175)
at org.openqa.selenium.remote.RemoteWebDriver.execute(RemoteWebDriver.java:602)
at org.openqa.selenium.remote.ElementLocation$ElementFinder$2.findElement(ElementLocation.java:165)
at org.openqa.selenium.remote.ElementLocation.findElement(ElementLocation.java:59)
at org.openqa.selenium.remote.RemoteWebDriver.findElement(RemoteWebDriver.java:359)
at org.openqa.selenium.remote.RemoteWebDriver.findElement(RemoteWebDriver.java:353)
at PageObjects_ReusableMethods.AddExpense_TravelUnvouched_ZeroValue.AddExpenseTravelUnvouchedZeroValue(AddExpense_TravelUnvouched_ZeroValue.java:340)
at TestCases.TC_AddExpense_TravelUnvouched_ZeroValue.AddExpense_TravelUnvouched_ZeroValue(TC_AddExpense_TravelUnvouched_ZeroValue.java:16)
at java.base/java.util.ArrayList.forEach(ArrayList.java:1511)
... Removed 32 stack frames]]>
    </failure>
  </testcase> <!-- AddExpense_TravelUnvouched_ZeroValue -->
  <testcase classname="TestCases.TC_AdvancePaymentCheckboxValidationInAddExpensePopUp" name="AdvancePaymentCheckboxValidationInAddExpensePopUp" time="93.966"/>
  <testcase classname="TestCases.TC_EmployerSettings" name="EmployerSettings" time="30.682">
    <failure type="java.io.IOException" message="Cannot run program &amp;quot;C://D-DRIVE//JAVA//DotP12.exe&amp;quot;: CreateProcess error=2, The system cannot find the file specified">
      <![CDATA[java.io.IOException: Cannot run program "C://D-DRIVE//JAVA//DotP12.exe": CreateProcess error=2, The system cannot find the file specified
at java.base/java.lang.ProcessBuilder.start(ProcessBuilder.java:1143)
at java.base/java.lang.ProcessBuilder.start(ProcessBuilder.java:1073)
at java.base/java.lang.Runtime.exec(Runtime.java:594)
at java.base/java.lang.Runtime.exec(Runtime.java:418)
at java.base/java.lang.Runtime.exec(Runtime.java:315)
at PageObjects_ReusableMethods.EmployerSettings.P12CertificateUpload(EmployerSettings.java:233)
at TestCases.TC_EmployerSettings.EmployerSettings(TC_EmployerSettings.java:16)
at java.base/java.util.ArrayList.forEach(ArrayList.java:1511)
Caused by: java.io.IOException: CreateProcess error=2, The system cannot find the file specified
at java.base/java.lang.ProcessImpl.create(Native Method)
at java.base/java.lang.ProcessImpl.<init>(ProcessImpl.java:499)
at java.base/java.lang.ProcessImpl.start(ProcessImpl.java:158)
at java.base/java.lang.ProcessBuilder.start(ProcessBuilder.java:1110)
... 34 more
... Removed 27 stack frames]]>
    </failure>
  </testcase> <!-- EmployerSettings -->
  <testcase classname="TestCases.TC_EmployersPage" name="EmployersPageCheck" time="19.69"/>
  <testcase classname="TestCases.TC_LoginPage" name="LoginPage" time="103.872">
    <failure type="org.openqa.selenium.NoSuchElementException" message="no such element: Unable to locate element: {&amp;quot;method&amp;quot;:&amp;quot;xpath&amp;quot;,&amp;quot;selector&amp;quot;:&amp;quot;//h1[text()=&amp;apos;Employers&amp;apos;]&amp;quot;}
  (Session info: chrome=127.0.6533.72)
For documentation on this error, please visit: https://www.selenium.dev/documentation/webdriver/troubleshooting/errors#no-such-element-exception
Build info: version: &amp;apos;4.14.1&amp;apos;, revision: &amp;apos;03f8ede370&amp;apos;
System info: os.name: &amp;apos;Windows 11&amp;apos;, os.arch: &amp;apos;amd64&amp;apos;, os.version: &amp;apos;10.0&amp;apos;, java.version: &amp;apos;17.0.10&amp;apos;
Driver info: org.openqa.selenium.chrome.ChromeDriver
Command: [629db8e849efe619f1b8e9167baa849f, findElement {using=xpath, value=//h1[text()=&amp;apos;Employers&amp;apos;]}]
Capabilities {acceptInsecureCerts: false, browserName: chrome, browserVersion: 127.0.6533.72, chrome: {chromedriverVersion: 127.0.6533.72 (9755e24ca85a..., userDataDir: C:\Users\DEBASH~1.CHO\AppDa...}, fedcm:accounts: true, goog:chromeOptions: {debuggerAddress: localhost:50800}, networkConnectionEnabled: false, pageLoadStrategy: normal, platformName: windows, proxy: Proxy(), se:cdp: ws://localhost:50800/devtoo..., se:cdpVersion: 127.0.6533.72, setWindowRect: true, strictFileInteractability: false, timeouts: {implicit: 0, pageLoad: 300000, script: 30000}, unhandledPromptBehavior: dismiss and notify, webauthn:extension:credBlob: true, webauthn:extension:largeBlob: true, webauthn:extension:minPinLength: true, webauthn:extension:prf: true, webauthn:virtualAuthenticators: true}
Session ID: 629db8e849efe619f1b8e9167baa849f">
      <![CDATA[org.openqa.selenium.NoSuchElementException: no such element: Unable to locate element: {"method":"xpath","selector":"//h1[text()='Employers']"}
  (Session info: chrome=127.0.6533.72)
For documentation on this error, please visit: https://www.selenium.dev/documentation/webdriver/troubleshooting/errors#no-such-element-exception
Build info: version: '4.14.1', revision: '03f8ede370'
System info: os.name: 'Windows 11', os.arch: 'amd64', os.version: '10.0', java.version: '17.0.10'
Driver info: org.openqa.selenium.chrome.ChromeDriver
Command: [629db8e849efe619f1b8e9167baa849f, findElement {using=xpath, value=//h1[text()='Employers']}]
Capabilities {acceptInsecureCerts: false, browserName: chrome, browserVersion: 127.0.6533.72, chrome: {chromedriverVersion: 127.0.6533.72 (9755e24ca85a..., userDataDir: C:\Users\DEBASH~1.CHO\AppDa...}, fedcm:accounts: true, goog:chromeOptions: {debuggerAddress: localhost:50800}, networkConnectionEnabled: false, pageLoadStrategy: normal, platformName: windows, proxy: Proxy(), se:cdp: ws://localhost:50800/devtoo..., se:cdpVersion: 127.0.6533.72, setWindowRect: true, strictFileInteractability: false, timeouts: {implicit: 0, pageLoad: 300000, script: 30000}, unhandledPromptBehavior: dismiss and notify, webauthn:extension:credBlob: true, webauthn:extension:largeBlob: true, webauthn:extension:minPinLength: true, webauthn:extension:prf: true, webauthn:virtualAuthenticators: true}
Session ID: 629db8e849efe619f1b8e9167baa849f
at org.openqa.selenium.remote.codec.w3c.W3CHttpResponseCodec.createException(W3CHttpResponseCodec.java:200)
at org.openqa.selenium.remote.codec.w3c.W3CHttpResponseCodec.decode(W3CHttpResponseCodec.java:133)
at org.openqa.selenium.remote.codec.w3c.W3CHttpResponseCodec.decode(W3CHttpResponseCodec.java:52)
at org.openqa.selenium.remote.HttpCommandExecutor.execute(HttpCommandExecutor.java:191)
at org.openqa.selenium.remote.service.DriverCommandExecutor.invokeExecute(DriverCommandExecutor.java:200)
at org.openqa.selenium.remote.service.DriverCommandExecutor.execute(DriverCommandExecutor.java:175)
at org.openqa.selenium.remote.RemoteWebDriver.execute(RemoteWebDriver.java:602)
at org.openqa.selenium.remote.ElementLocation$ElementFinder$2.findElement(ElementLocation.java:165)
at org.openqa.selenium.remote.ElementLocation.findElement(ElementLocation.java:59)
at org.openqa.selenium.remote.RemoteWebDriver.findElement(RemoteWebDriver.java:359)
at org.openqa.selenium.remote.RemoteWebDriver.findElement(RemoteWebDriver.java:353)
at PageObjects_ReusableMethods.LoginPage.Login_Page(LoginPage.java:62)
at TestCases.TC_LoginPage.LoginPage(TC_LoginPage.java:21)
at java.base/java.util.ArrayList.forEach(ArrayList.java:1511)
... Removed 32 stack frames]]>
    </failure>
  </testcase> <!-- LoginPage -->
</testsuite> <!-- Test -->
